<?xml version="1.0" encoding="UTF-8"?>
<!-- Generated by org.testng.reporters.JUnitReportReporter -->
<testsuite hostname="Vakaz-Pc" failures="0" tests="2" name="proyecto_junit.TestPizza" time="0.007" errors="0" timestamp="2022-11-13T05:24:27 CST" skipped="0">
  <testcase classname="proyecto_junit.TestPizza" name="verificaMensajeDefault" time="0.005"/>
  <system-out/>
  <testcase classname="proyecto_junit.TestPizza" name="verificarOpcionVeganaFalso" time="0.002"/>
  <system-out/>
</testsuite> <!-- proyecto_junit.TestPizza -->
